Using pre-set license
Built from '2021.3/staging' branch; Version is '2021.3.21f1 (1b156197d683) revision 1774945'; Using compiler version '192829333'; Build Type 'Release'
OS: 'Windows 10  (10.0.19044) 64bit Core' Language: 'tr' Physical Memory: 16163 MB
BatchMode: 1, IsHumanControllingUs: 0, StartBugReporterOnCrash: 0, Is64bit: 1, IsPro: 1

COMMAND LINE ARGUMENTS:
C:\Program Files\Unity\Hub\Editor\2021.3.21f1\Editor\Unity.exe
-adb2
-batchMode
-noUpm
-name
AssetImportWorker2
-projectPath
C:/Users/gokha/OneDrive/Masaüstü/HyperTrivial/HyperTrivial
-logFile
Logs/AssetImportWorker2.log
-srvPort
63047
Successfully changed project path to: C:/Users/gokha/OneDrive/Masaüstü/HyperTrivial/HyperTrivial
C:/Users/gokha/OneDrive/Masaüstü/HyperTrivial/HyperTrivial
[UnityMemory] Configuration Parameters - Can be set up in boot.config
    "memorysetup-bucket-allocator-granularity=16"
    "memorysetup-bucket-allocator-bucket-count=8"
    "memorysetup-bucket-allocator-block-size=33554432"
    "memorysetup-bucket-allocator-block-count=8"
    "memorysetup-main-allocator-block-size=16777216"
    "memorysetup-thread-allocator-block-size=16777216"
    "memorysetup-gfx-main-allocator-block-size=16777216"
    "memorysetup-gfx-thread-allocator-block-size=16777216"
    "memorysetup-cache-allocator-block-size=4194304"
    "memorysetup-typetree-allocator-block-size=2097152"
    "memorysetup-profiler-bucket-allocator-granularity=16"
    "memorysetup-profiler-bucket-allocator-bucket-count=8"
    "memorysetup-profiler-bucket-allocator-block-size=33554432"
    "memorysetup-profiler-bucket-allocator-block-count=8"
    "memorysetup-profiler-allocator-block-size=16777216"
    "memorysetup-profiler-editor-allocator-block-size=1048576"
    "memorysetup-temp-allocator-size-main=16777216"
    "memorysetup-job-temp-allocator-block-size=2097152"
    "memorysetup-job-temp-allocator-block-size-background=1048576"
    "memorysetup-job-temp-allocator-reduction-small-platforms=262144"
    "memorysetup-temp-allocator-size-background-worker=32768"
    "memorysetup-temp-allocator-size-job-worker=262144"
    "memorysetup-temp-allocator-size-preload-manager=33554432"
    "memorysetup-temp-allocator-size-nav-mesh-worker=65536"
    "memorysetup-temp-allocator-size-audio-worker=65536"
    "memorysetup-temp-allocator-size-cloud-worker=32768"
    "memorysetup-temp-allocator-size-gi-baking-worker=262144"
    "memorysetup-temp-allocator-size-gfx=262144"
Player connection [20548] Host "[IP] 192.168.1.8 [Port] 0 [Flags] 2 [Guid] 1737069501 [EditorId] 1737069501 [Version] 1048832 [Id] WindowsEditor(7,DESKTOP-B0LIJR5) [Debug] 1 [PackageName] WindowsEditor [ProjectName] Editor" joined multi-casting on [225.0.0.222:54997]...

Player connection [20548] Host "[IP] 192.168.1.8 [Port] 0 [Flags] 2 [Guid] 1737069501 [EditorId] 1737069501 [Version] 1048832 [Id] WindowsEditor(7,DESKTOP-B0LIJR5) [Debug] 1 [PackageName] WindowsEditor [ProjectName] Editor" joined alternative multi-casting on [225.0.0.222:34997]...

Refreshing native plugins compatible for Editor in 113.01 ms, found 3 plugins.
Preloading 0 native plugins for Editor in 0.00 ms.
Initialize engine version: 2021.3.21f1 (1b156197d683)
[Subsystems] Discovering subsystems at path C:/Program Files/Unity/Hub/Editor/2021.3.21f1/Editor/Data/Resources/UnitySubsystems
[Subsystems] Discovering subsystems at path C:/Users/gokha/OneDrive/Masaüstü/HyperTrivial/HyperTrivial/Assets
GfxDevice: creating device client; threaded=0; jobified=0
Direct3D:
    Version:  Direct3D 11.0 [level 11.1]
    Renderer: NVIDIA GeForce RTX 3050 Ti Laptop GPU (ID=0x25a0)
    Vendor:   NVIDIA
    VRAM:     3990 MB
    Driver:   30.0.15.1215
Initialize mono
Mono path[0] = 'C:/Program Files/Unity/Hub/Editor/2021.3.21f1/Editor/Data/Managed'
Mono path[1] = 'C:/Program Files/Unity/Hub/Editor/2021.3.21f1/Editor/Data/MonoBleedingEdge/lib/mono/unityjit-win32'
Mono config path = 'C:/Program Files/Unity/Hub/Editor/2021.3.21f1/Editor/Data/MonoBleedingEdge/etc'
Using monoOptions --debugger-agent=transport=dt_socket,embedding=1,server=y,suspend=n,address=127.0.0.1:56060
Begin MonoManager ReloadAssembly
Registering precompiled unity dll's ...
Register platform support module: C:/Program Files/Unity/Hub/Editor/2021.3.21f1/Editor/Data/PlaybackEngines/AndroidPlayer/UnityEditor.Android.Extensions.dll
Register platform support module: C:/Program Files/Unity/Hub/Editor/2021.3.21f1/Editor/Data/PlaybackEngines/WindowsStandaloneSupport/UnityEditor.WindowsStandalone.Extensions.dll
Registered in 0.006182 seconds.
Native extension for WindowsStandalone target not found
Native extension for Android target not found
Android Extension - Scanning For ADB Devices 219 ms
Refreshing native plugins compatible for Editor in 67.43 ms, found 3 plugins.
Preloading 0 native plugins for Editor in 0.00 ms.
Mono: successfully reloaded assembly
- Completed reload, in  0.849 seconds
Domain Reload Profiling:
	ReloadAssembly (850ms)
		BeginReloadAssembly (120ms)
			ExecutionOrderSort (0ms)
			DisableScriptedObjects (0ms)
			BackupInstance (0ms)
			ReleaseScriptingObjects (0ms)
			CreateAndSetChildDomain (1ms)
		EndReloadAssembly (613ms)
			LoadAssemblies (117ms)
			RebuildTransferFunctionScriptingTraits (0ms)
			SetupTypeCache (92ms)
			ReleaseScriptCaches (0ms)
			RebuildScriptCaches (25ms)
			SetupLoadedEditorAssemblies (454ms)
				LogAssemblyErrors (0ms)
				InitializePlatformSupportModulesInManaged (275ms)
				SetLoadedEditorAssemblies (0ms)
				RefreshPlugins (68ms)
				BeforeProcessingInitializeOnLoad (1ms)
				ProcessInitializeOnLoadAttributes (76ms)
				ProcessInitializeOnLoadMethodAttributes (34ms)
				AfterProcessingInitializeOnLoad (0ms)
				EditorAssembliesLoaded (0ms)
			ExecutionOrderSort2 (0ms)
			AwakeInstancesAfterBackupRestoration (0ms)
Platform modules already initialized, skipping
Registering precompiled user dll's ...
Registered in 0.003740 seconds.
Begin MonoManager ReloadAssembly
Symbol file LoadedFromMemory doesn't match image C:\Users\gokha\OneDrive\Masaüstü\HyperTrivial\HyperTrivial\Library\PackageCache\com.unity.visualscripting@1.8.0\Editor\VisualScripting.Core\Dependencies\YamlDotNet\Unity.VisualScripting.YamlDotNet.dll
Symbol file LoadedFromMemory doesn't match image C:\Users\gokha\OneDrive\Masaüstü\HyperTrivial\HyperTrivial\Library\PackageCache\com.unity.visualscripting@1.8.0\Editor\VisualScripting.Core\Dependencies\DotNetZip\Unity.VisualScripting.IonicZip.dll
Native extension for WindowsStandalone target not found
Native extension for Android target not found
Refreshing native plugins compatible for Editor in 0.53 ms, found 3 plugins.
Preloading 0 native plugins for Editor in 0.00 ms.
Mono: successfully reloaded assembly
- Completed reload, in  0.835 seconds
Domain Reload Profiling:
	ReloadAssembly (836ms)
		BeginReloadAssembly (98ms)
			ExecutionOrderSort (0ms)
			DisableScriptedObjects (5ms)
			BackupInstance (0ms)
			ReleaseScriptingObjects (0ms)
			CreateAndSetChildDomain (18ms)
		EndReloadAssembly (646ms)
			LoadAssemblies (73ms)
			RebuildTransferFunctionScriptingTraits (0ms)
			SetupTypeCache (220ms)
			ReleaseScriptCaches (1ms)
			RebuildScriptCaches (44ms)
			SetupLoadedEditorAssemblies (282ms)
				LogAssemblyErrors (0ms)
				InitializePlatformSupportModulesInManaged (14ms)
				SetLoadedEditorAssemblies (0ms)
				RefreshPlugins (1ms)
				BeforeProcessingInitializeOnLoad (70ms)
				ProcessInitializeOnLoadAttributes (174ms)
				ProcessInitializeOnLoadMethodAttributes (17ms)
				AfterProcessingInitializeOnLoad (6ms)
				EditorAssembliesLoaded (0ms)
			ExecutionOrderSort2 (0ms)
			AwakeInstancesAfterBackupRestoration (5ms)
Platform modules already initialized, skipping
========================================================================
Worker process is ready to serve import requests
Launched and connected shader compiler UnityShaderCompiler.exe after 0.04 seconds
Refreshing native plugins compatible for Editor in 0.56 ms, found 3 plugins.
Preloading 0 native plugins for Editor in 0.00 ms.
Unloading 3151 Unused Serialized files (Serialized files now loaded: 0)
Unloading 24 unused Assets / (113.5 KB). Loaded Objects now: 3615.
Memory consumption went from 112.5 MB to 112.4 MB.
Total: 2.459000 ms (FindLiveObjects: 0.236600 ms CreateObjectMapping: 0.081000 ms MarkObjects: 2.003000 ms  DeleteObjects: 0.136400 ms)

AssetImportParameters requested are different than current active one (requested -> active):
  custom:video-decoder-ogg-theora: a1e56fd34408186e4bbccfd4996cb3dc -> 
  custom:container-muxer-webm: aa71ff27fc2769a1b78a27578f13a17b -> 
  custom:container-demuxer-webm: 4f35f7cbe854078d1ac9338744f61a02 -> 
  custom:video-encoder-webm-vp8: eb34c28f22e8b96e1ab97ce403110664 -> 
  custom:audio-encoder-webm-vorbis: bf7c407c2cedff20999df2af8eb42d56 -> 
  custom:framework-win-MediaFoundation: 216162199b28c13a410421893ffa2e32 -> 
  custom:container-demuxer-ogg: 62fdf1f143b41e24485cea50d1cbac27 -> 
  custom:video-decoder-webm-vp8: 9c59270c3fd7afecdb556c50c9e8de78 -> 
  custom:audio-decoder-ogg-vorbis: bf7c407c2cedff20999df2af8eb42d56 -> 
========================================================================
Received Import Request.
  Time since last request: 1049750.096933 seconds.
  path: Assets/Models
  artifactKey: Guid(37562edb40f5667479d22c2e538265f4) Importer(815301076,1909f56bfc062723c751e8b465ee728b)
Start importing Assets/Models using Guid(37562edb40f5667479d22c2e538265f4) Importer(815301076,1909f56bfc062723c751e8b465ee728b)  -> (artifact id: 'bd78e5a9a15d8b58050f914e8526c7ed') in 0.011546 seconds 
========================================================================
Received Import Request.
  Time since last request: 9.791593 seconds.
  path: Assets/Models/Player1 Model
  artifactKey: Guid(bea9b70d4b4953442ad5c4521cebe8ff) Importer(815301076,1909f56bfc062723c751e8b465ee728b)
Start importing Assets/Models/Player1 Model using Guid(bea9b70d4b4953442ad5c4521cebe8ff) Importer(815301076,1909f56bfc062723c751e8b465ee728b)  -> (artifact id: '585fefa735ca3f8191c1495c8b5aa8cf') in 0.006805 seconds 
========================================================================
Received Prepare
Registering precompiled user dll's ...
Registered in 0.003681 seconds.
Begin MonoManager ReloadAssembly
Symbol file LoadedFromMemory doesn't match image C:\Users\gokha\OneDrive\Masaüstü\HyperTrivial\HyperTrivial\Library\PackageCache\com.unity.visualscripting@1.8.0\Editor\VisualScripting.Core\Dependencies\YamlDotNet\Unity.VisualScripting.YamlDotNet.dll
Symbol file LoadedFromMemory doesn't match image C:\Users\gokha\OneDrive\Masaüstü\HyperTrivial\HyperTrivial\Library\PackageCache\com.unity.visualscripting@1.8.0\Editor\VisualScripting.Core\Dependencies\DotNetZip\Unity.VisualScripting.IonicZip.dll
Native extension for WindowsStandalone target not found
Native extension for Android target not found
Refreshing native plugins compatible for Editor in 0.79 ms, found 3 plugins.
Preloading 0 native plugins for Editor in 0.00 ms.
Mono: successfully reloaded assembly
- Completed reload, in  1.034 seconds
Domain Reload Profiling:
	ReloadAssembly (1034ms)
		BeginReloadAssembly (131ms)
			ExecutionOrderSort (0ms)
			DisableScriptedObjects (4ms)
			BackupInstance (0ms)
			ReleaseScriptingObjects (0ms)
			CreateAndSetChildDomain (33ms)
		EndReloadAssembly (817ms)
			LoadAssemblies (82ms)
			RebuildTransferFunctionScriptingTraits (0ms)
			SetupTypeCache (288ms)
			ReleaseScriptCaches (2ms)
			RebuildScriptCaches (50ms)
			SetupLoadedEditorAssemblies (337ms)
				LogAssemblyErrors (0ms)
				InitializePlatformSupportModulesInManaged (21ms)
				SetLoadedEditorAssemblies (0ms)
				RefreshPlugins (1ms)
				BeforeProcessingInitializeOnLoad (71ms)
				ProcessInitializeOnLoadAttributes (212ms)
				ProcessInitializeOnLoadMethodAttributes (24ms)
				AfterProcessingInitializeOnLoad (8ms)
				EditorAssembliesLoaded (0ms)
			ExecutionOrderSort2 (0ms)
			AwakeInstancesAfterBackupRestoration (7ms)
Platform modules already initialized, skipping
Refreshing native plugins compatible for Editor in 2.47 ms, found 3 plugins.
Preloading 0 native plugins for Editor in 0.00 ms.
Unloading 3131 Unused Serialized files (Serialized files now loaded: 0)
Unloading 17 unused Assets / (80.2 KB). Loaded Objects now: 3618.
Memory consumption went from 110.8 MB to 110.7 MB.
Total: 2.968500 ms (FindLiveObjects: 0.285100 ms CreateObjectMapping: 0.118300 ms MarkObjects: 2.377000 ms  DeleteObjects: 0.186600 ms)

AssetImportParameters requested are different than current active one (requested -> active):
  custom:video-decoder-ogg-theora: a1e56fd34408186e4bbccfd4996cb3dc -> 
  custom:container-muxer-webm: aa71ff27fc2769a1b78a27578f13a17b -> 
  custom:container-demuxer-webm: 4f35f7cbe854078d1ac9338744f61a02 -> 
  custom:video-encoder-webm-vp8: eb34c28f22e8b96e1ab97ce403110664 -> 
  custom:audio-encoder-webm-vorbis: bf7c407c2cedff20999df2af8eb42d56 -> 
  custom:framework-win-MediaFoundation: 216162199b28c13a410421893ffa2e32 -> 
  custom:container-demuxer-ogg: 62fdf1f143b41e24485cea50d1cbac27 -> 
  custom:video-decoder-webm-vp8: 9c59270c3fd7afecdb556c50c9e8de78 -> 
  custom:audio-decoder-ogg-vorbis: bf7c407c2cedff20999df2af8eb42d56 -> 
========================================================================
Received Import Request.
  Time since last request: 60.728374 seconds.
  path: Assets/Images/germany-g65f680dea_1280.png
  artifactKey: Guid(f1e07a87d43abc6419c75ad9849ef0f0) Importer(815301076,1909f56bfc062723c751e8b465ee728b)
Start importing Assets/Images/germany-g65f680dea_1280.png using Guid(f1e07a87d43abc6419c75ad9849ef0f0) Importer(815301076,1909f56bfc062723c751e8b465ee728b)  -> (artifact id: '793f099396484ade18f9bb8ced553ed6') in 0.160198 seconds 
========================================================================
Received Import Request.
  Time since last request: 1.594478 seconds.
  path: Assets/Materials/FinishPlatform.mat
  artifactKey: Guid(ba1df143cb3854b43ad9b4dada6ccf43) Importer(815301076,1909f56bfc062723c751e8b465ee728b)
Start importing Assets/Materials/FinishPlatform.mat using Guid(ba1df143cb3854b43ad9b4dada6ccf43) Importer(815301076,1909f56bfc062723c751e8b465ee728b)  -> (artifact id: '09e49d4b426f590c4172e530d0d045ae') in 0.058099 seconds 
========================================================================
Received Import Request.
  Time since last request: 0.000034 seconds.
  path: Assets/Materials/RoadTexture.png
  artifactKey: Guid(e0e8344383456274a91797f6e8e78a2a) Importer(815301076,1909f56bfc062723c751e8b465ee728b)
Start importing Assets/Materials/RoadTexture.png using Guid(e0e8344383456274a91797f6e8e78a2a) Importer(815301076,1909f56bfc062723c751e8b465ee728b)  -> (artifact id: '4fc98bdb61b34d7152a1ebf1bfbece3c') in 0.036661 seconds 
========================================================================
Received Import Request.
  Time since last request: 0.000036 seconds.
  path: Assets/Materials/RoadTop.mat
  artifactKey: Guid(915b98685e30b4a47b63e61fbd12f791) Importer(815301076,1909f56bfc062723c751e8b465ee728b)
Start importing Assets/Materials/RoadTop.mat using Guid(915b98685e30b4a47b63e61fbd12f791) Importer(815301076,1909f56bfc062723c751e8b465ee728b)  -> (artifact id: 'db8a8cc87122991f8016f2a44955a2e0') in 0.016418 seconds 
========================================================================
Received Import Request.
  Time since last request: 23.517108 seconds.
  path: Assets/Models
  artifactKey: Guid(37562edb40f5667479d22c2e538265f4) Importer(815301076,1909f56bfc062723c751e8b465ee728b)
Start importing Assets/Models using Guid(37562edb40f5667479d22c2e538265f4) Importer(815301076,1909f56bfc062723c751e8b465ee728b)  -> (artifact id: '729b419a28962251f47369f8a61168c2') in 0.002089 seconds 
========================================================================
Received Import Request.
  Time since last request: 12.889081 seconds.
  path: Assets/Models/Player2 Model
  artifactKey: Guid(f003899fe2f6d8d4cb37b1fc23ce3e44) Importer(815301076,1909f56bfc062723c751e8b465ee728b)
Start importing Assets/Models/Player2 Model using Guid(f003899fe2f6d8d4cb37b1fc23ce3e44) Importer(815301076,1909f56bfc062723c751e8b465ee728b)  -> (artifact id: '2842f778a2623c05f470bab637a71c13') in 0.007454 seconds 
========================================================================
Received Import Request.
  Time since last request: 23.145835 seconds.
  path: Assets/Models/Player2 Model/GOW3 Kratos@Running.fbx
  artifactKey: Guid(61cb46fedaf75af49b6004d815237f4a) Importer(815301076,1909f56bfc062723c751e8b465ee728b)
Start importing Assets/Models/Player2 Model/GOW3 Kratos@Running.fbx using Guid(61cb46fedaf75af49b6004d815237f4a) Importer(815301076,1909f56bfc062723c751e8b465ee728b)  -> (artifact id: 'f5275478998778ce0fa847e01f4d219a') in 0.136139 seconds 
========================================================================
Received Prepare
Registering precompiled user dll's ...
Registered in 0.003589 seconds.
Begin MonoManager ReloadAssembly
Symbol file LoadedFromMemory doesn't match image C:\Users\gokha\OneDrive\Masaüstü\HyperTrivial\HyperTrivial\Library\PackageCache\com.unity.visualscripting@1.8.0\Editor\VisualScripting.Core\Dependencies\YamlDotNet\Unity.VisualScripting.YamlDotNet.dll
Symbol file LoadedFromMemory doesn't match image C:\Users\gokha\OneDrive\Masaüstü\HyperTrivial\HyperTrivial\Library\PackageCache\com.unity.visualscripting@1.8.0\Editor\VisualScripting.Core\Dependencies\DotNetZip\Unity.VisualScripting.IonicZip.dll
Native extension for WindowsStandalone target not found
Native extension for Android target not found
Refreshing native plugins compatible for Editor in 0.70 ms, found 3 plugins.
Preloading 0 native plugins for Editor in 0.00 ms.
Mono: successfully reloaded assembly
- Completed reload, in  1.009 seconds
Domain Reload Profiling:
	ReloadAssembly (1010ms)
		BeginReloadAssembly (130ms)
			ExecutionOrderSort (0ms)
			DisableScriptedObjects (4ms)
			BackupInstance (0ms)
			ReleaseScriptingObjects (0ms)
			CreateAndSetChildDomain (34ms)
		EndReloadAssembly (793ms)
			LoadAssemblies (85ms)
			RebuildTransferFunctionScriptingTraits (0ms)
			SetupTypeCache (258ms)
			ReleaseScriptCaches (2ms)
			RebuildScriptCaches (50ms)
			SetupLoadedEditorAssemblies (344ms)
				LogAssemblyErrors (0ms)
				InitializePlatformSupportModulesInManaged (23ms)
				SetLoadedEditorAssemblies (1ms)
				RefreshPlugins (1ms)
				BeforeProcessingInitializeOnLoad (68ms)
				ProcessInitializeOnLoadAttributes (212ms)
				ProcessInitializeOnLoadMethodAttributes (29ms)
				AfterProcessingInitializeOnLoad (10ms)
				EditorAssembliesLoaded (1ms)
			ExecutionOrderSort2 (0ms)
			AwakeInstancesAfterBackupRestoration (9ms)
Platform modules already initialized, skipping
Refreshing native plugins compatible for Editor in 2.02 ms, found 3 plugins.
Preloading 0 native plugins for Editor in 0.00 ms.
Unloading 3131 Unused Serialized files (Serialized files now loaded: 0)
Unloading 17 unused Assets / (80.2 KB). Loaded Objects now: 3673.
Memory consumption went from 128.2 MB to 128.1 MB.
Total: 2.430300 ms (FindLiveObjects: 0.212300 ms CreateObjectMapping: 0.099200 ms MarkObjects: 2.030400 ms  DeleteObjects: 0.087300 ms)

AssetImportParameters requested are different than current active one (requested -> active):
  custom:video-decoder-ogg-theora: a1e56fd34408186e4bbccfd4996cb3dc -> 
  custom:container-muxer-webm: aa71ff27fc2769a1b78a27578f13a17b -> 
  custom:container-demuxer-webm: 4f35f7cbe854078d1ac9338744f61a02 -> 
  custom:video-encoder-webm-vp8: eb34c28f22e8b96e1ab97ce403110664 -> 
  custom:audio-encoder-webm-vorbis: bf7c407c2cedff20999df2af8eb42d56 -> 
  custom:framework-win-MediaFoundation: 216162199b28c13a410421893ffa2e32 -> 
  custom:container-demuxer-ogg: 62fdf1f143b41e24485cea50d1cbac27 -> 
  custom:video-decoder-webm-vp8: 9c59270c3fd7afecdb556c50c9e8de78 -> 
  custom:audio-decoder-ogg-vorbis: bf7c407c2cedff20999df2af8eb42d56 -> 
========================================================================
Received Import Request.
  Time since last request: 369.365423 seconds.
  path: Assets/Models/Player2 Model/textures
  artifactKey: Guid(e03b1d1ef38af194d8c8faba2081ca0c) Importer(815301076,1909f56bfc062723c751e8b465ee728b)
Start importing Assets/Models/Player2 Model/textures using Guid(e03b1d1ef38af194d8c8faba2081ca0c) Importer(815301076,1909f56bfc062723c751e8b465ee728b)  -> (artifact id: '11dffeaa1cd8f68a0ae3f99a7578dbec') in 0.015162 seconds 
========================================================================
Received Import Request.
  Time since last request: 0.045768 seconds.
  path: Assets/Models/Player2 Model/textures/24_cloth(1)_0.png
  artifactKey: Guid(2affef5ff19dcd349856d4b26a28a979) Importer(815301076,1909f56bfc062723c751e8b465ee728b)
Start importing Assets/Models/Player2 Model/textures/24_cloth(1)_0.png using Guid(2affef5ff19dcd349856d4b26a28a979) Importer(815301076,1909f56bfc062723c751e8b465ee728b)  -> (artifact id: 'c64e633efeb60b22bc8f1470e8326a2c') in 0.087959 seconds 
========================================================================
Received Import Request.
  Time since last request: 0.000029 seconds.
  path: Assets/Models/Player2 Model/textures/24_skirt_1_0_0.png
  artifactKey: Guid(e2c8afb9ee3b23a4da0fb26483bba87f) Importer(815301076,1909f56bfc062723c751e8b465ee728b)
Start importing Assets/Models/Player2 Model/textures/24_skirt_1_0_0.png using Guid(e2c8afb9ee3b23a4da0fb26483bba87f) Importer(815301076,1909f56bfc062723c751e8b465ee728b)  -> (artifact id: 'b26c4db9052d2f90423c4e79c7bd620f') in 0.027475 seconds 
========================================================================
Received Import Request.
  Time since last request: 0.000028 seconds.
  path: Assets/Models/Player2 Model/textures/24_torso(1)_0.png
  artifactKey: Guid(ff5335e215f3e6f42b2d29c943e55b4d) Importer(815301076,1909f56bfc062723c751e8b465ee728b)
Start importing Assets/Models/Player2 Model/textures/24_torso(1)_0.png using Guid(ff5335e215f3e6f42b2d29c943e55b4d) Importer(815301076,1909f56bfc062723c751e8b465ee728b)  -> (artifact id: '5ee3b63ad838754de58dc26332b71966') in 0.037471 seconds 
========================================================================
Received Import Request.
  Time since last request: 0.000049 seconds.
  path: Assets/Models/Player2 Model/textures/24_torso_0.png
  artifactKey: Guid(b9d520eee89fd744aa0419d82b29c412) Importer(815301076,1909f56bfc062723c751e8b465ee728b)
Start importing Assets/Models/Player2 Model/textures/24_torso_0.png using Guid(b9d520eee89fd744aa0419d82b29c412) Importer(815301076,1909f56bfc062723c751e8b465ee728b)  -> (artifact id: '1dddfe8f23fdeaa35a55f0688348f942') in 0.034399 seconds 
========================================================================
Received Import Request.
  Time since last request: 0.000035 seconds.
  path: Assets/Models/Player2 Model/textures/armorgold.png
  artifactKey: Guid(00c9b47e7c77305428a18e0f5d892470) Importer(815301076,1909f56bfc062723c751e8b465ee728b)
Start importing Assets/Models/Player2 Model/textures/armorgold.png using Guid(00c9b47e7c77305428a18e0f5d892470) Importer(815301076,1909f56bfc062723c751e8b465ee728b)  -> (artifact id: '2a64f20dcf5bf14ef51776d85da79508') in 0.023601 seconds 
Editor requested this worker to shutdown with reason: Scaling down because of idle timeout
AssetImportWorker is now disconnected from the server
Process exiting
Exiting without the bug reporter. Application will terminate with return code 0