Using pre-set license
Built from '2021.3/staging' branch; Version is '2021.3.21f1 (1b156197d683) revision 1774945'; Using compiler version '192829333'; Build Type 'Release'
OS: 'Windows 10  (10.0.19045) 64bit CoreSingleLanguage' Language: 'tr' Physical Memory: 16292 MB
BatchMode: 1, IsHumanControllingUs: 0, StartBugReporterOnCrash: 0, Is64bit: 1, IsPro: 1

COMMAND LINE ARGUMENTS:
C:\Program Files\Unity\Hub\Editor\2021.3.21f1\Editor\Unity.exe
-adb2
-batchMode
-noUpm
-name
AssetImportWorker0
-projectPath
C:/Users/90545/Desktop/HyperTrivial/HyperTrivial
-logFile
Logs/AssetImportWorker0.log
-srvPort
49956
Successfully changed project path to: C:/Users/90545/Desktop/HyperTrivial/HyperTrivial
C:/Users/90545/Desktop/HyperTrivial/HyperTrivial
[UnityMemory] Configuration Parameters - Can be set up in boot.config
    "memorysetup-bucket-allocator-granularity=16"
    "memorysetup-bucket-allocator-bucket-count=8"
    "memorysetup-bucket-allocator-block-size=33554432"
    "memorysetup-bucket-allocator-block-count=8"
    "memorysetup-main-allocator-block-size=16777216"
    "memorysetup-thread-allocator-block-size=16777216"
    "memorysetup-gfx-main-allocator-block-size=16777216"
    "memorysetup-gfx-thread-allocator-block-size=16777216"
    "memorysetup-cache-allocator-block-size=4194304"
    "memorysetup-typetree-allocator-block-size=2097152"
    "memorysetup-profiler-bucket-allocator-granularity=16"
    "memorysetup-profiler-bucket-allocator-bucket-count=8"
    "memorysetup-profiler-bucket-allocator-block-size=33554432"
    "memorysetup-profiler-bucket-allocator-block-count=8"
    "memorysetup-profiler-allocator-block-size=16777216"
    "memorysetup-profiler-editor-allocator-block-size=1048576"
    "memorysetup-temp-allocator-size-main=16777216"
    "memorysetup-job-temp-allocator-block-size=2097152"
    "memorysetup-job-temp-allocator-block-size-background=1048576"
    "memorysetup-job-temp-allocator-reduction-small-platforms=262144"
    "memorysetup-temp-allocator-size-background-worker=32768"
    "memorysetup-temp-allocator-size-job-worker=262144"
    "memorysetup-temp-allocator-size-preload-manager=33554432"
    "memorysetup-temp-allocator-size-nav-mesh-worker=65536"
    "memorysetup-temp-allocator-size-audio-worker=65536"
    "memorysetup-temp-allocator-size-cloud-worker=32768"
    "memorysetup-temp-allocator-size-gi-baking-worker=262144"
    "memorysetup-temp-allocator-size-gfx=262144"
Player connection [14656] Host "[IP] 192.168.1.104 [Port] 0 [Flags] 2 [Guid] 2605564305 [EditorId] 2605564305 [Version] 1048832 [Id] WindowsEditor(7,DESKTOP-UNC9LEN) [Debug] 1 [PackageName] WindowsEditor [ProjectName] Editor" joined multi-casting on [225.0.0.222:54997]...

Player connection [14656] Host "[IP] 192.168.1.104 [Port] 0 [Flags] 2 [Guid] 2605564305 [EditorId] 2605564305 [Version] 1048832 [Id] WindowsEditor(7,DESKTOP-UNC9LEN) [Debug] 1 [PackageName] WindowsEditor [ProjectName] Editor" joined alternative multi-casting on [225.0.0.222:34997]...

Refreshing native plugins compatible for Editor in 90.17 ms, found 3 plugins.
Preloading 0 native plugins for Editor in 0.00 ms.
Initialize engine version: 2021.3.21f1 (1b156197d683)
[Subsystems] Discovering subsystems at path C:/Program Files/Unity/Hub/Editor/2021.3.21f1/Editor/Data/Resources/UnitySubsystems
[Subsystems] Discovering subsystems at path C:/Users/90545/Desktop/HyperTrivial/HyperTrivial/Assets
GfxDevice: creating device client; threaded=0; jobified=0
Direct3D:
    Version:  Direct3D 11.0 [level 11.1]
    Renderer: NVIDIA GeForce RTX 2060 (ID=0x1f15)
    Vendor:   NVIDIA
    VRAM:     5968 MB
    Driver:   31.0.15.2824
Initialize mono
Mono path[0] = 'C:/Program Files/Unity/Hub/Editor/2021.3.21f1/Editor/Data/Managed'
Mono path[1] = 'C:/Program Files/Unity/Hub/Editor/2021.3.21f1/Editor/Data/MonoBleedingEdge/lib/mono/unityjit-win32'
Mono config path = 'C:/Program Files/Unity/Hub/Editor/2021.3.21f1/Editor/Data/MonoBleedingEdge/etc'
Using monoOptions --debugger-agent=transport=dt_socket,embedding=1,server=y,suspend=n,address=127.0.0.1:56660
Begin MonoManager ReloadAssembly
Registering precompiled unity dll's ...
Register platform support module: C:/Program Files/Unity/Hub/Editor/2021.3.21f1/Editor/Data/PlaybackEngines/AndroidPlayer/UnityEditor.Android.Extensions.dll
Register platform support module: C:/Program Files/Unity/Hub/Editor/2021.3.21f1/Editor/Data/PlaybackEngines/WindowsStandaloneSupport/UnityEditor.WindowsStandalone.Extensions.dll
Registered in 0.007976 seconds.
Native extension for WindowsStandalone target not found
Native extension for Android target not found
Android Extension - Scanning For ADB Devices 213 ms
Refreshing native plugins compatible for Editor in 80.20 ms, found 3 plugins.
Preloading 0 native plugins for Editor in 0.00 ms.
Mono: successfully reloaded assembly
- Completed reload, in  0.875 seconds
Domain Reload Profiling:
	ReloadAssembly (876ms)
		BeginReloadAssembly (109ms)
			ExecutionOrderSort (0ms)
			DisableScriptedObjects (0ms)
			BackupInstance (0ms)
			ReleaseScriptingObjects (0ms)
			CreateAndSetChildDomain (1ms)
		EndReloadAssembly (667ms)
			LoadAssemblies (107ms)
			RebuildTransferFunctionScriptingTraits (0ms)
			SetupTypeCache (116ms)
			ReleaseScriptCaches (0ms)
			RebuildScriptCaches (26ms)
			SetupLoadedEditorAssemblies (476ms)
				LogAssemblyErrors (0ms)
				InitializePlatformSupportModulesInManaged (274ms)
				SetLoadedEditorAssemblies (0ms)
				RefreshPlugins (80ms)
				BeforeProcessingInitializeOnLoad (2ms)
				ProcessInitializeOnLoadAttributes (82ms)
				ProcessInitializeOnLoadMethodAttributes (38ms)
				AfterProcessingInitializeOnLoad (0ms)
				EditorAssembliesLoaded (0ms)
			ExecutionOrderSort2 (0ms)
			AwakeInstancesAfterBackupRestoration (0ms)
Platform modules already initialized, skipping
Registering precompiled user dll's ...
Registered in 0.005541 seconds.
Begin MonoManager ReloadAssembly
Symbol file LoadedFromMemory doesn't match image C:\Users\90545\Desktop\HyperTrivial\HyperTrivial\Library\PackageCache\com.unity.visualscripting@1.8.0\Editor\VisualScripting.Core\Dependencies\YamlDotNet\Unity.VisualScripting.YamlDotNet.dll
Symbol file LoadedFromMemory doesn't match image C:\Users\90545\Desktop\HyperTrivial\HyperTrivial\Library\PackageCache\com.unity.visualscripting@1.8.0\Editor\VisualScripting.Core\Dependencies\DotNetZip\Unity.VisualScripting.IonicZip.dll
Native extension for WindowsStandalone target not found
Native extension for Android target not found
Refreshing native plugins compatible for Editor in 0.49 ms, found 3 plugins.
Preloading 0 native plugins for Editor in 0.00 ms.
Mono: successfully reloaded assembly
- Completed reload, in  1.042 seconds
Domain Reload Profiling:
	ReloadAssembly (1043ms)
		BeginReloadAssembly (116ms)
			ExecutionOrderSort (0ms)
			DisableScriptedObjects (6ms)
			BackupInstance (0ms)
			ReleaseScriptingObjects (0ms)
			CreateAndSetChildDomain (17ms)
		EndReloadAssembly (813ms)
			LoadAssemblies (100ms)
			RebuildTransferFunctionScriptingTraits (0ms)
			SetupTypeCache (302ms)
			ReleaseScriptCaches (1ms)
			RebuildScriptCaches (56ms)
			SetupLoadedEditorAssemblies (324ms)
				LogAssemblyErrors (0ms)
				InitializePlatformSupportModulesInManaged (16ms)
				SetLoadedEditorAssemblies (0ms)
				RefreshPlugins (1ms)
				BeforeProcessingInitializeOnLoad (82ms)
				ProcessInitializeOnLoadAttributes (200ms)
				ProcessInitializeOnLoadMethodAttributes (17ms)
				AfterProcessingInitializeOnLoad (8ms)
				EditorAssembliesLoaded (0ms)
			ExecutionOrderSort2 (0ms)
			AwakeInstancesAfterBackupRestoration (5ms)
Platform modules already initialized, skipping
========================================================================
Worker process is ready to serve import requests
Launched and connected shader compiler UnityShaderCompiler.exe after 0.04 seconds
Refreshing native plugins compatible for Editor in 0.56 ms, found 3 plugins.
Preloading 0 native plugins for Editor in 0.00 ms.
Unloading 3164 Unused Serialized files (Serialized files now loaded: 0)
Unloading 26 unused Assets / (114.6 KB). Loaded Objects now: 3646.
Memory consumption went from 125.8 MB to 125.7 MB.
Total: 2.939700 ms (FindLiveObjects: 0.240200 ms CreateObjectMapping: 0.195100 ms MarkObjects: 2.368400 ms  DeleteObjects: 0.135400 ms)

AssetImportParameters requested are different than current active one (requested -> active):
  custom:video-decoder-ogg-theora: a1e56fd34408186e4bbccfd4996cb3dc -> 
  custom:container-muxer-webm: aa71ff27fc2769a1b78a27578f13a17b -> 
  custom:container-demuxer-webm: 4f35f7cbe854078d1ac9338744f61a02 -> 
  custom:video-encoder-webm-vp8: eb34c28f22e8b96e1ab97ce403110664 -> 
  custom:audio-encoder-webm-vorbis: bf7c407c2cedff20999df2af8eb42d56 -> 
  custom:framework-win-MediaFoundation: 216162199b28c13a410421893ffa2e32 -> 
  custom:container-demuxer-ogg: 62fdf1f143b41e24485cea50d1cbac27 -> 
  custom:video-decoder-webm-vp8: 9c59270c3fd7afecdb556c50c9e8de78 -> 
  custom:audio-decoder-ogg-vorbis: bf7c407c2cedff20999df2af8eb42d56 -> 
========================================================================
Received Import Request.
  Time since last request: 20868.489010 seconds.
  path: Assets/Scenes/Level 3.unity
  artifactKey: Guid(7164ceb15099fff4daba926e5fd1f2ed) Importer(815301076,1909f56bfc062723c751e8b465ee728b)
Start importing Assets/Scenes/Level 3.unity using Guid(7164ceb15099fff4daba926e5fd1f2ed) Importer(815301076,1909f56bfc062723c751e8b465ee728b)  -> (artifact id: 'd86958db67be124f803cd77fa4552193') in 0.009751 seconds 
========================================================================
Received Import Request.
  Time since last request: 441.406147 seconds.
  path: Assets/Images/yolver.png
  artifactKey: Guid(0990a7350979efc4b913d10cd78d9ee1) Importer(815301076,1909f56bfc062723c751e8b465ee728b)
Start importing Assets/Images/yolver.png using Guid(0990a7350979efc4b913d10cd78d9ee1) Importer(815301076,1909f56bfc062723c751e8b465ee728b)  -> (artifact id: '964878a46e9e3161cf5c6888de3bb484') in 0.100569 seconds 
========================================================================
Received Import Request.
  Time since last request: 5.341171 seconds.
  path: Assets/Images/Flags
  artifactKey: Guid(deac615463667544490f237ccf07c111) Importer(815301076,1909f56bfc062723c751e8b465ee728b)
Start importing Assets/Images/Flags using Guid(deac615463667544490f237ccf07c111) Importer(815301076,1909f56bfc062723c751e8b465ee728b)  -> (artifact id: 'd3f8fb5904c0b9970d7235af619a279e') in 0.006812 seconds 
========================================================================
Received Import Request.
  Time since last request: 15.580137 seconds.
  path: Assets/Images/yolver.png
  artifactKey: Guid(0990a7350979efc4b913d10cd78d9ee1) Importer(815301076,1909f56bfc062723c751e8b465ee728b)
Start importing Assets/Images/yolver.png using Guid(0990a7350979efc4b913d10cd78d9ee1) Importer(815301076,1909f56bfc062723c751e8b465ee728b)  -> (artifact id: 'd2ab7eab493175116af78f4a75aaa819') in 0.065421 seconds 
========================================================================
Received Import Request.
  Time since last request: 3851.927586 seconds.
  path: Assets/Images/png-transparent-car-traffic-sign-driving-overtaking-road-sign-driving-car-vehicle-thumbnail.png
  artifactKey: Guid(d1c52e8dbc8def24aae60fddf6d6670a) Importer(815301076,1909f56bfc062723c751e8b465ee728b)
Start importing Assets/Images/png-transparent-car-traffic-sign-driving-overtaking-road-sign-driving-car-vehicle-thumbnail.png using Guid(d1c52e8dbc8def24aae60fddf6d6670a) Importer(815301076,1909f56bfc062723c751e8b465ee728b)  -> (artifact id: 'd91d1e69294e6089978d697ef8d0033f') in 0.020293 seconds 
========================================================================
Received Import Request.
  Time since last request: 8.250248 seconds.
  path: Assets/Images/png-transparent-car-traffic-sign-driving-overtaking-road-sign-driving-car-vehicle-thumbnail.png
  artifactKey: Guid(d1c52e8dbc8def24aae60fddf6d6670a) Importer(815301076,1909f56bfc062723c751e8b465ee728b)
Start importing Assets/Images/png-transparent-car-traffic-sign-driving-overtaking-road-sign-driving-car-vehicle-thumbnail.png using Guid(d1c52e8dbc8def24aae60fddf6d6670a) Importer(815301076,1909f56bfc062723c751e8b465ee728b)  -> (artifact id: '8ed39d3404f608f765dd4d08d6387fa7') in 0.022633 seconds 
========================================================================
Received Import Request.
  Time since last request: 115.755925 seconds.
  path: Assets/Images/png-clipart-traffic-sign-overtaking-road-graphy-road-warning-sign-transport.png
  artifactKey: Guid(acee695a3bb0f094a84a94e58571ca42) Importer(815301076,1909f56bfc062723c751e8b465ee728b)
Start importing Assets/Images/png-clipart-traffic-sign-overtaking-road-graphy-road-warning-sign-transport.png using Guid(acee695a3bb0f094a84a94e58571ca42) Importer(815301076,1909f56bfc062723c751e8b465ee728b)  -> (artifact id: '31bdf397fe1bd1d959e14220e73af142') in 0.018982 seconds 
========================================================================
Received Import Request.
  Time since last request: 8.305623 seconds.
  path: Assets/Images/png-clipart-traffic-sign-overtaking-road-graphy-road-warning-sign-transport.png
  artifactKey: Guid(acee695a3bb0f094a84a94e58571ca42) Importer(815301076,1909f56bfc062723c751e8b465ee728b)
Start importing Assets/Images/png-clipart-traffic-sign-overtaking-road-graphy-road-warning-sign-transport.png using Guid(acee695a3bb0f094a84a94e58571ca42) Importer(815301076,1909f56bfc062723c751e8b465ee728b)  -> (artifact id: 'e2f6d80391c783173788e12f5e07dab1') in 0.042595 seconds 
========================================================================
Received Import Request.
  Time since last request: 143.534695 seconds.
  path: Assets/Images/deneme.png
  artifactKey: Guid(f61bd7f1b4719074fb79d260656349cd) Importer(815301076,1909f56bfc062723c751e8b465ee728b)
Start importing Assets/Images/deneme.png using Guid(f61bd7f1b4719074fb79d260656349cd) Importer(815301076,1909f56bfc062723c751e8b465ee728b)  -> (artifact id: 'f9669f320eb50b2390dca92c528dda72') in 0.016664 seconds 
========================================================================
Received Import Request.
  Time since last request: 7.392321 seconds.
  path: Assets/Images/deneme.png
  artifactKey: Guid(f61bd7f1b4719074fb79d260656349cd) Importer(815301076,1909f56bfc062723c751e8b465ee728b)
Start importing Assets/Images/deneme.png using Guid(f61bd7f1b4719074fb79d260656349cd) Importer(815301076,1909f56bfc062723c751e8b465ee728b)  -> (artifact id: 'f57b3e171894d2b29dd1a19011a13ab1') in 0.038015 seconds 
========================================================================
Received Import Request.
  Time since last request: 95.379592 seconds.
  path: Assets/Images/trafik.png
  artifactKey: Guid(5fb13434750ddf64d9da5bccb71061b5) Importer(815301076,1909f56bfc062723c751e8b465ee728b)
Start importing Assets/Images/trafik.png using Guid(5fb13434750ddf64d9da5bccb71061b5) Importer(815301076,1909f56bfc062723c751e8b465ee728b)  -> (artifact id: '7951003c5d8a280d442b9d5a1a100f46') in 0.025902 seconds 
========================================================================
Received Import Request.
  Time since last request: 6.731103 seconds.
  path: Assets/Images/trafik.png
  artifactKey: Guid(5fb13434750ddf64d9da5bccb71061b5) Importer(815301076,1909f56bfc062723c751e8b465ee728b)
Start importing Assets/Images/trafik.png using Guid(5fb13434750ddf64d9da5bccb71061b5) Importer(815301076,1909f56bfc062723c751e8b465ee728b)  -> (artifact id: 'bcd954fbe364909c3c0ce2a95f1751b5') in 0.035144 seconds 
========================================================================
Received Import Request.
  Time since last request: 305.878553 seconds.
  path: Assets/Images/pngegg.png
  artifactKey: Guid(b831c09c2de8f9a418676e3e4eb2689c) Importer(815301076,1909f56bfc062723c751e8b465ee728b)
Start importing Assets/Images/pngegg.png using Guid(b831c09c2de8f9a418676e3e4eb2689c) Importer(815301076,1909f56bfc062723c751e8b465ee728b)  -> (artifact id: 'b6a1f8faae47576ba8ca487bc7e9ed5c') in 0.018373 seconds 
========================================================================
Received Import Request.
  Time since last request: 27.522920 seconds.
  path: Assets/Images/pngegg.png
  artifactKey: Guid(b831c09c2de8f9a418676e3e4eb2689c) Importer(815301076,1909f56bfc062723c751e8b465ee728b)
Start importing Assets/Images/pngegg.png using Guid(b831c09c2de8f9a418676e3e4eb2689c) Importer(815301076,1909f56bfc062723c751e8b465ee728b)  -> (artifact id: 'cf22d85c6f09ce6103e2835d5c75379c') in 0.079786 seconds 
========================================================================
Received Import Request.
  Time since last request: 180.606428 seconds.
  path: Assets/Images/trafic.png
  artifactKey: Guid(6cf62abafb86bcf449716f34b65ec739) Importer(815301076,1909f56bfc062723c751e8b465ee728b)
Start importing Assets/Images/trafic.png using Guid(6cf62abafb86bcf449716f34b65ec739) Importer(815301076,1909f56bfc062723c751e8b465ee728b)  -> (artifact id: '39a44e61ab76d32233b39657b22e65c9') in 0.013023 seconds 
========================================================================
Received Import Request.
  Time since last request: 5.896110 seconds.
  path: Assets/Images/trafic.png
  artifactKey: Guid(6cf62abafb86bcf449716f34b65ec739) Importer(815301076,1909f56bfc062723c751e8b465ee728b)
Start importing Assets/Images/trafic.png using Guid(6cf62abafb86bcf449716f34b65ec739) Importer(815301076,1909f56bfc062723c751e8b465ee728b)  -> (artifact id: '8d56ef89247bac7cac36a68614020cfb') in 0.091700 seconds 
========================================================================
Received Import Request.
  Time since last request: 962.166851 seconds.
  path: Assets/Images/Dur.png
  artifactKey: Guid(6435b85c9479b4048a7dddf95eccd561) Importer(815301076,1909f56bfc062723c751e8b465ee728b)
Start importing Assets/Images/Dur.png using Guid(6435b85c9479b4048a7dddf95eccd561) Importer(815301076,1909f56bfc062723c751e8b465ee728b)  -> (artifact id: '2837f7ebdf5410ab4ce8acbf0e216361') in 0.047084 seconds 
========================================================================
Received Import Request.
  Time since last request: 19.009668 seconds.
  path: Assets/Images/Dur.png
  artifactKey: Guid(6435b85c9479b4048a7dddf95eccd561) Importer(815301076,1909f56bfc062723c751e8b465ee728b)
Start importing Assets/Images/Dur.png using Guid(6435b85c9479b4048a7dddf95eccd561) Importer(815301076,1909f56bfc062723c751e8b465ee728b)  -> (artifact id: 'f6087a4b77efbb69055c9363cec2539f') in 0.179129 seconds 
========================================================================
Received Import Request.
  Time since last request: 976.468875 seconds.
  path: Assets/Images/kayganyol.png
  artifactKey: Guid(6371714692910a54097bd089d4f01f9a) Importer(815301076,1909f56bfc062723c751e8b465ee728b)
Start importing Assets/Images/kayganyol.png using Guid(6371714692910a54097bd089d4f01f9a) Importer(815301076,1909f56bfc062723c751e8b465ee728b)  -> (artifact id: '92c19f8f056ed6b3d656ed405c7519ef') in 0.014489 seconds 
========================================================================
Received Import Request.
  Time since last request: 7.797917 seconds.
  path: Assets/Images/kayganyol.png
  artifactKey: Guid(6371714692910a54097bd089d4f01f9a) Importer(815301076,1909f56bfc062723c751e8b465ee728b)
Start importing Assets/Images/kayganyol.png using Guid(6371714692910a54097bd089d4f01f9a) Importer(815301076,1909f56bfc062723c751e8b465ee728b)  -> (artifact id: 'f790193be4b992e373f612a989ee2149') in 0.048415 seconds 
========================================================================
Received Import Request.
  Time since last request: 428.372987 seconds.
  path: Assets/Images/r端zgar.png
  artifactKey: Guid(55798c99174062c448645d2c2e9ec507) Importer(815301076,1909f56bfc062723c751e8b465ee728b)
Start importing Assets/Images/r端zgar.png using Guid(55798c99174062c448645d2c2e9ec507) Importer(815301076,1909f56bfc062723c751e8b465ee728b)  -> (artifact id: 'c013f4ddd3b6338167a26749e86639f1') in 0.014190 seconds 
========================================================================
Received Import Request.
  Time since last request: 5.127283 seconds.
  path: Assets/Images/r端zgar.png
  artifactKey: Guid(55798c99174062c448645d2c2e9ec507) Importer(815301076,1909f56bfc062723c751e8b465ee728b)
Start importing Assets/Images/r端zgar.png using Guid(55798c99174062c448645d2c2e9ec507) Importer(815301076,1909f56bfc062723c751e8b465ee728b)  -> (artifact id: '099021b4273c608a35117836be0c186f') in 0.035636 seconds 
========================================================================
Received Prepare
Registering precompiled user dll's ...
Registered in 0.008119 seconds.
Begin MonoManager ReloadAssembly
Symbol file LoadedFromMemory doesn't match image C:\Users\90545\Desktop\HyperTrivial\HyperTrivial\Library\PackageCache\com.unity.visualscripting@1.8.0\Editor\VisualScripting.Core\Dependencies\YamlDotNet\Unity.VisualScripting.YamlDotNet.dll
Symbol file LoadedFromMemory doesn't match image C:\Users\90545\Desktop\HyperTrivial\HyperTrivial\Library\PackageCache\com.unity.visualscripting@1.8.0\Editor\VisualScripting.Core\Dependencies\DotNetZip\Unity.VisualScripting.IonicZip.dll
Native extension for WindowsStandalone target not found
Native extension for Android target not found
Refreshing native plugins compatible for Editor in 0.62 ms, found 3 plugins.
Preloading 0 native plugins for Editor in 0.00 ms.
Mono: successfully reloaded assembly
- Completed reload, in  1.100 seconds
Domain Reload Profiling:
	ReloadAssembly (1101ms)
		BeginReloadAssembly (161ms)
			ExecutionOrderSort (0ms)
			DisableScriptedObjects (6ms)
			BackupInstance (0ms)
			ReleaseScriptingObjects (0ms)
			CreateAndSetChildDomain (42ms)
		EndReloadAssembly (825ms)
			LoadAssemblies (104ms)
			RebuildTransferFunctionScriptingTraits (0ms)
			SetupTypeCache (308ms)
			ReleaseScriptCaches (1ms)
			RebuildScriptCaches (46ms)
			SetupLoadedEditorAssemblies (332ms)
				LogAssemblyErrors (0ms)
				InitializePlatformSupportModulesInManaged (22ms)
				SetLoadedEditorAssemblies (1ms)
				RefreshPlugins (1ms)
				BeforeProcessingInitializeOnLoad (72ms)
				ProcessInitializeOnLoadAttributes (207ms)
				ProcessInitializeOnLoadMethodAttributes (19ms)
				AfterProcessingInitializeOnLoad (10ms)
				EditorAssembliesLoaded (0ms)
			ExecutionOrderSort2 (0ms)
			AwakeInstancesAfterBackupRestoration (6ms)
Platform modules already initialized, skipping
Refreshing native plugins compatible for Editor in 1.81 ms, found 3 plugins.
Preloading 0 native plugins for Editor in 0.00 ms.
Unloading 3144 Unused Serialized files (Serialized files now loaded: 0)
Unloading 19 unused Assets / (81.7 KB). Loaded Objects now: 3680.
Memory consumption went from 128.5 MB to 128.4 MB.
Total: 2.718800 ms (FindLiveObjects: 0.243100 ms CreateObjectMapping: 0.160600 ms MarkObjects: 2.225200 ms  DeleteObjects: 0.089100 ms)

AssetImportParameters requested are different than current active one (requested -> active):
  custom:video-decoder-ogg-theora: a1e56fd34408186e4bbccfd4996cb3dc -> 
  custom:container-muxer-webm: aa71ff27fc2769a1b78a27578f13a17b -> 
  custom:container-demuxer-webm: 4f35f7cbe854078d1ac9338744f61a02 -> 
  custom:video-encoder-webm-vp8: eb34c28f22e8b96e1ab97ce403110664 -> 
  custom:audio-encoder-webm-vorbis: bf7c407c2cedff20999df2af8eb42d56 -> 
  custom:framework-win-MediaFoundation: 216162199b28c13a410421893ffa2e32 -> 
  custom:container-demuxer-ogg: 62fdf1f143b41e24485cea50d1cbac27 -> 
  custom:video-decoder-webm-vp8: 9c59270c3fd7afecdb556c50c9e8de78 -> 
  custom:audio-decoder-ogg-vorbis: bf7c407c2cedff20999df2af8eb42d56 -> 
========================================================================
Received Prepare
Registering precompiled user dll's ...
Registered in 0.005687 seconds.
Begin MonoManager ReloadAssembly
Symbol file LoadedFromMemory doesn't match image C:\Users\90545\Desktop\HyperTrivial\HyperTrivial\Library\PackageCache\com.unity.visualscripting@1.8.0\Editor\VisualScripting.Core\Dependencies\YamlDotNet\Unity.VisualScripting.YamlDotNet.dll
Symbol file LoadedFromMemory doesn't match image C:\Users\90545\Desktop\HyperTrivial\HyperTrivial\Library\PackageCache\com.unity.visualscripting@1.8.0\Editor\VisualScripting.Core\Dependencies\DotNetZip\Unity.VisualScripting.IonicZip.dll
Native extension for WindowsStandalone target not found
Native extension for Android target not found
Refreshing native plugins compatible for Editor in 0.60 ms, found 3 plugins.
Preloading 0 native plugins for Editor in 0.00 ms.
Mono: successfully reloaded assembly
- Completed reload, in  1.108 seconds
Domain Reload Profiling:
	ReloadAssembly (1109ms)
		BeginReloadAssembly (139ms)
			ExecutionOrderSort (0ms)
			DisableScriptedObjects (8ms)
			BackupInstance (0ms)
			ReleaseScriptingObjects (0ms)
			CreateAndSetChildDomain (30ms)
		EndReloadAssembly (856ms)
			LoadAssemblies (95ms)
			RebuildTransferFunctionScriptingTraits (0ms)
			SetupTypeCache (315ms)
			ReleaseScriptCaches (1ms)
			RebuildScriptCaches (46ms)
			SetupLoadedEditorAssemblies (351ms)
				LogAssemblyErrors (0ms)
				InitializePlatformSupportModulesInManaged (24ms)
				SetLoadedEditorAssemblies (1ms)
				RefreshPlugins (1ms)
				BeforeProcessingInitializeOnLoad (82ms)
				ProcessInitializeOnLoadAttributes (211ms)
				ProcessInitializeOnLoadMethodAttributes (22ms)
				AfterProcessingInitializeOnLoad (11ms)
				EditorAssembliesLoaded (0ms)
			ExecutionOrderSort2 (0ms)
			AwakeInstancesAfterBackupRestoration (7ms)
Platform modules already initialized, skipping
Refreshing native plugins compatible for Editor in 2.15 ms, found 3 plugins.
Preloading 0 native plugins for Editor in 0.00 ms.
Unloading 3144 Unused Serialized files (Serialized files now loaded: 0)
Unloading 19 unused Assets / (81.5 KB). Loaded Objects now: 3683.
Memory consumption went from 128.5 MB to 128.4 MB.
Total: 2.765600 ms (FindLiveObjects: 0.261200 ms CreateObjectMapping: 0.167300 ms MarkObjects: 2.247000 ms  DeleteObjects: 0.089400 ms)

AssetImportParameters requested are different than current active one (requested -> active):
  custom:video-decoder-ogg-theora: a1e56fd34408186e4bbccfd4996cb3dc -> 
  custom:container-muxer-webm: aa71ff27fc2769a1b78a27578f13a17b -> 
  custom:container-demuxer-webm: 4f35f7cbe854078d1ac9338744f61a02 -> 
  custom:video-encoder-webm-vp8: eb34c28f22e8b96e1ab97ce403110664 -> 
  custom:audio-encoder-webm-vorbis: bf7c407c2cedff20999df2af8eb42d56 -> 
  custom:framework-win-MediaFoundation: 216162199b28c13a410421893ffa2e32 -> 
  custom:container-demuxer-ogg: 62fdf1f143b41e24485cea50d1cbac27 -> 
  custom:video-decoder-webm-vp8: 9c59270c3fd7afecdb556c50c9e8de78 -> 
  custom:audio-decoder-ogg-vorbis: bf7c407c2cedff20999df2af8eb42d56 -> 
========================================================================
Received Prepare
Registering precompiled user dll's ...
Registered in 0.005694 seconds.
Begin MonoManager ReloadAssembly
Symbol file LoadedFromMemory doesn't match image C:\Users\90545\Desktop\HyperTrivial\HyperTrivial\Library\PackageCache\com.unity.visualscripting@1.8.0\Editor\VisualScripting.Core\Dependencies\YamlDotNet\Unity.VisualScripting.YamlDotNet.dll
Symbol file LoadedFromMemory doesn't match image C:\Users\90545\Desktop\HyperTrivial\HyperTrivial\Library\PackageCache\com.unity.visualscripting@1.8.0\Editor\VisualScripting.Core\Dependencies\DotNetZip\Unity.VisualScripting.IonicZip.dll
Native extension for WindowsStandalone target not found
Native extension for Android target not found
Refreshing native plugins compatible for Editor in 0.71 ms, found 3 plugins.
Preloading 0 native plugins for Editor in 0.00 ms.
Mono: successfully reloaded assembly
- Completed reload, in  1.023 seconds
Domain Reload Profiling:
	ReloadAssembly (1024ms)
		BeginReloadAssembly (132ms)
			ExecutionOrderSort (0ms)
			DisableScriptedObjects (5ms)
			BackupInstance (0ms)
			ReleaseScriptingObjects (0ms)
			CreateAndSetChildDomain (29ms)
		EndReloadAssembly (785ms)
			LoadAssemblies (89ms)
			RebuildTransferFunctionScriptingTraits (0ms)
			SetupTypeCache (291ms)
			ReleaseScriptCaches (1ms)
			RebuildScriptCaches (45ms)
			SetupLoadedEditorAssemblies (316ms)
				LogAssemblyErrors (0ms)
				InitializePlatformSupportModulesInManaged (19ms)
				SetLoadedEditorAssemblies (0ms)
				RefreshPlugins (1ms)
				BeforeProcessingInitializeOnLoad (73ms)
				ProcessInitializeOnLoadAttributes (192ms)
				ProcessInitializeOnLoadMethodAttributes (21ms)
				AfterProcessingInitializeOnLoad (9ms)
				EditorAssembliesLoaded (0ms)
			ExecutionOrderSort2 (0ms)
			AwakeInstancesAfterBackupRestoration (6ms)
Platform modules already initialized, skipping
Refreshing native plugins compatible for Editor in 1.95 ms, found 3 plugins.
Preloading 0 native plugins for Editor in 0.00 ms.
Unloading 3144 Unused Serialized files (Serialized files now loaded: 0)
Unloading 19 unused Assets / (81.6 KB). Loaded Objects now: 3686.
Memory consumption went from 128.5 MB to 128.4 MB.
Total: 2.752800 ms (FindLiveObjects: 0.240500 ms CreateObjectMapping: 0.166000 ms MarkObjects: 2.261300 ms  DeleteObjects: 0.084500 ms)

AssetImportParameters requested are different than current active one (requested -> active):
  custom:video-decoder-ogg-theora: a1e56fd34408186e4bbccfd4996cb3dc -> 
  custom:container-muxer-webm: aa71ff27fc2769a1b78a27578f13a17b -> 
  custom:container-demuxer-webm: 4f35f7cbe854078d1ac9338744f61a02 -> 
  custom:video-encoder-webm-vp8: eb34c28f22e8b96e1ab97ce403110664 -> 
  custom:audio-encoder-webm-vorbis: bf7c407c2cedff20999df2af8eb42d56 -> 
  custom:framework-win-MediaFoundation: 216162199b28c13a410421893ffa2e32 -> 
  custom:container-demuxer-ogg: 62fdf1f143b41e24485cea50d1cbac27 -> 
  custom:video-decoder-webm-vp8: 9c59270c3fd7afecdb556c50c9e8de78 -> 
  custom:audio-decoder-ogg-vorbis: bf7c407c2cedff20999df2af8eb42d56 -> 
========================================================================
Received Prepare
Registering precompiled user dll's ...
Registered in 0.006338 seconds.
Begin MonoManager ReloadAssembly
Symbol file LoadedFromMemory doesn't match image C:\Users\90545\Desktop\HyperTrivial\HyperTrivial\Library\PackageCache\com.unity.visualscripting@1.8.0\Editor\VisualScripting.Core\Dependencies\YamlDotNet\Unity.VisualScripting.YamlDotNet.dll
Symbol file LoadedFromMemory doesn't match image C:\Users\90545\Desktop\HyperTrivial\HyperTrivial\Library\PackageCache\com.unity.visualscripting@1.8.0\Editor\VisualScripting.Core\Dependencies\DotNetZip\Unity.VisualScripting.IonicZip.dll
Native extension for WindowsStandalone target not found
Native extension for Android target not found
Refreshing native plugins compatible for Editor in 0.54 ms, found 3 plugins.
Preloading 0 native plugins for Editor in 0.00 ms.
Mono: successfully reloaded assembly
- Completed reload, in  1.021 seconds
Domain Reload Profiling:
	ReloadAssembly (1021ms)
		BeginReloadAssembly (139ms)
			ExecutionOrderSort (0ms)
			DisableScriptedObjects (6ms)
			BackupInstance (0ms)
			ReleaseScriptingObjects (0ms)
			CreateAndSetChildDomain (29ms)
		EndReloadAssembly (778ms)
			LoadAssemblies (92ms)
			RebuildTransferFunctionScriptingTraits (0ms)
			SetupTypeCache (274ms)
			ReleaseScriptCaches (1ms)
			RebuildScriptCaches (44ms)
			SetupLoadedEditorAssemblies (331ms)
				LogAssemblyErrors (0ms)
				InitializePlatformSupportModulesInManaged (21ms)
				SetLoadedEditorAssemblies (0ms)
				RefreshPlugins (1ms)
				BeforeProcessingInitializeOnLoad (75ms)
				ProcessInitializeOnLoadAttributes (203ms)
				ProcessInitializeOnLoadMethodAttributes (21ms)
				AfterProcessingInitializeOnLoad (10ms)
				EditorAssembliesLoaded (0ms)
			ExecutionOrderSort2 (0ms)
			AwakeInstancesAfterBackupRestoration (6ms)
Platform modules already initialized, skipping
Refreshing native plugins compatible for Editor in 2.10 ms, found 3 plugins.
Preloading 0 native plugins for Editor in 0.00 ms.
Unloading 3144 Unused Serialized files (Serialized files now loaded: 0)
Unloading 19 unused Assets / (81.5 KB). Loaded Objects now: 3689.
Memory consumption went from 128.5 MB to 128.5 MB.
Total: 2.609400 ms (FindLiveObjects: 0.249400 ms CreateObjectMapping: 0.152800 ms MarkObjects: 2.118700 ms  DeleteObjects: 0.087600 ms)

AssetImportParameters requested are different than current active one (requested -> active):
  custom:video-decoder-ogg-theora: a1e56fd34408186e4bbccfd4996cb3dc -> 
  custom:container-muxer-webm: aa71ff27fc2769a1b78a27578f13a17b -> 
  custom:container-demuxer-webm: 4f35f7cbe854078d1ac9338744f61a02 -> 
  custom:video-encoder-webm-vp8: eb34c28f22e8b96e1ab97ce403110664 -> 
  custom:audio-encoder-webm-vorbis: bf7c407c2cedff20999df2af8eb42d56 -> 
  custom:framework-win-MediaFoundation: 216162199b28c13a410421893ffa2e32 -> 
  custom:container-demuxer-ogg: 62fdf1f143b41e24485cea50d1cbac27 -> 
  custom:video-decoder-webm-vp8: 9c59270c3fd7afecdb556c50c9e8de78 -> 
  custom:audio-decoder-ogg-vorbis: bf7c407c2cedff20999df2af8eb42d56 -> 
========================================================================
Received Prepare
Registering precompiled user dll's ...
Registered in 0.008124 seconds.
Begin MonoManager ReloadAssembly
Symbol file LoadedFromMemory doesn't match image C:\Users\90545\Desktop\HyperTrivial\HyperTrivial\Library\PackageCache\com.unity.visualscripting@1.8.0\Editor\VisualScripting.Core\Dependencies\YamlDotNet\Unity.VisualScripting.YamlDotNet.dll
Symbol file LoadedFromMemory doesn't match image C:\Users\90545\Desktop\HyperTrivial\HyperTrivial\Library\PackageCache\com.unity.visualscripting@1.8.0\Editor\VisualScripting.Core\Dependencies\DotNetZip\Unity.VisualScripting.IonicZip.dll
Native extension for WindowsStandalone target not found
Native extension for Android target not found
Refreshing native plugins compatible for Editor in 0.62 ms, found 3 plugins.
Preloading 0 native plugins for Editor in 0.00 ms.
Mono: successfully reloaded assembly
- Completed reload, in  1.131 seconds
Domain Reload Profiling:
	ReloadAssembly (1131ms)
		BeginReloadAssembly (143ms)
			ExecutionOrderSort (0ms)
			DisableScriptedObjects (6ms)
			BackupInstance (0ms)
			ReleaseScriptingObjects (0ms)
			CreateAndSetChildDomain (31ms)
		EndReloadAssembly (874ms)
			LoadAssemblies (101ms)
			RebuildTransferFunctionScriptingTraits (0ms)
			SetupTypeCache (321ms)
			ReleaseScriptCaches (1ms)
			RebuildScriptCaches (49ms)
			SetupLoadedEditorAssemblies (356ms)
				LogAssemblyErrors (0ms)
				InitializePlatformSupportModulesInManaged (25ms)
				SetLoadedEditorAssemblies (1ms)
				RefreshPlugins (1ms)
				BeforeProcessingInitializeOnLoad (82ms)
				ProcessInitializeOnLoadAttributes (215ms)
				ProcessInitializeOnLoadMethodAttributes (23ms)
				AfterProcessingInitializeOnLoad (11ms)
				EditorAssembliesLoaded (0ms)
			ExecutionOrderSort2 (0ms)
			AwakeInstancesAfterBackupRestoration (7ms)
Platform modules already initialized, skipping
Refreshing native plugins compatible for Editor in 2.02 ms, found 3 plugins.
Preloading 0 native plugins for Editor in 0.00 ms.
Unloading 3144 Unused Serialized files (Serialized files now loaded: 0)
Unloading 19 unused Assets / (81.4 KB). Loaded Objects now: 3692.
Memory consumption went from 128.5 MB to 128.5 MB.
Total: 3.123500 ms (FindLiveObjects: 0.276900 ms CreateObjectMapping: 0.191500 ms MarkObjects: 2.557100 ms  DeleteObjects: 0.096900 ms)

AssetImportParameters requested are different than current active one (requested -> active):
  custom:video-decoder-ogg-theora: a1e56fd34408186e4bbccfd4996cb3dc -> 
  custom:container-muxer-webm: aa71ff27fc2769a1b78a27578f13a17b -> 
  custom:container-demuxer-webm: 4f35f7cbe854078d1ac9338744f61a02 -> 
  custom:video-encoder-webm-vp8: eb34c28f22e8b96e1ab97ce403110664 -> 
  custom:audio-encoder-webm-vorbis: bf7c407c2cedff20999df2af8eb42d56 -> 
  custom:framework-win-MediaFoundation: 216162199b28c13a410421893ffa2e32 -> 
  custom:container-demuxer-ogg: 62fdf1f143b41e24485cea50d1cbac27 -> 
  custom:video-decoder-webm-vp8: 9c59270c3fd7afecdb556c50c9e8de78 -> 
  custom:audio-decoder-ogg-vorbis: bf7c407c2cedff20999df2af8eb42d56 -> 
========================================================================
Received Prepare
Registering precompiled user dll's ...
Registered in 0.005838 seconds.
Begin MonoManager ReloadAssembly
Symbol file LoadedFromMemory doesn't match image C:\Users\90545\Desktop\HyperTrivial\HyperTrivial\Library\PackageCache\com.unity.visualscripting@1.8.0\Editor\VisualScripting.Core\Dependencies\YamlDotNet\Unity.VisualScripting.YamlDotNet.dll
Symbol file LoadedFromMemory doesn't match image C:\Users\90545\Desktop\HyperTrivial\HyperTrivial\Library\PackageCache\com.unity.visualscripting@1.8.0\Editor\VisualScripting.Core\Dependencies\DotNetZip\Unity.VisualScripting.IonicZip.dll
Native extension for WindowsStandalone target not found
Native extension for Android target not found
Refreshing native plugins compatible for Editor in 0.62 ms, found 3 plugins.
Preloading 0 native plugins for Editor in 0.00 ms.
Mono: successfully reloaded assembly
- Completed reload, in  1.169 seconds
Domain Reload Profiling:
	ReloadAssembly (1170ms)
		BeginReloadAssembly (151ms)
			ExecutionOrderSort (0ms)
			DisableScriptedObjects (6ms)
			BackupInstance (0ms)
			ReleaseScriptingObjects (0ms)
			CreateAndSetChildDomain (35ms)
		EndReloadAssembly (897ms)
			LoadAssemblies (101ms)
			RebuildTransferFunctionScriptingTraits (0ms)
			SetupTypeCache (327ms)
			ReleaseScriptCaches (1ms)
			RebuildScriptCaches (53ms)
			SetupLoadedEditorAssemblies (362ms)
				LogAssemblyErrors (0ms)
				InitializePlatformSupportModulesInManaged (23ms)
				SetLoadedEditorAssemblies (0ms)
				RefreshPlugins (1ms)
				BeforeProcessingInitializeOnLoad (82ms)
				ProcessInitializeOnLoadAttributes (221ms)
				ProcessInitializeOnLoadMethodAttributes (23ms)
				AfterProcessingInitializeOnLoad (11ms)
				EditorAssembliesLoaded (0ms)
			ExecutionOrderSort2 (0ms)
			AwakeInstancesAfterBackupRestoration (7ms)
Platform modules already initialized, skipping
Refreshing native plugins compatible for Editor in 2.29 ms, found 3 plugins.
Preloading 0 native plugins for Editor in 0.00 ms.
Unloading 3144 Unused Serialized files (Serialized files now loaded: 0)
Unloading 19 unused Assets / (81.6 KB). Loaded Objects now: 3695.
Memory consumption went from 128.6 MB to 128.5 MB.
Total: 3.073600 ms (FindLiveObjects: 0.276800 ms CreateObjectMapping: 0.223300 ms MarkObjects: 2.469600 ms  DeleteObjects: 0.103300 ms)

AssetImportParameters requested are different than current active one (requested -> active):
  custom:video-decoder-ogg-theora: a1e56fd34408186e4bbccfd4996cb3dc -> 
  custom:container-muxer-webm: aa71ff27fc2769a1b78a27578f13a17b -> 
  custom:container-demuxer-webm: 4f35f7cbe854078d1ac9338744f61a02 -> 
  custom:video-encoder-webm-vp8: eb34c28f22e8b96e1ab97ce403110664 -> 
  custom:audio-encoder-webm-vorbis: bf7c407c2cedff20999df2af8eb42d56 -> 
  custom:framework-win-MediaFoundation: 216162199b28c13a410421893ffa2e32 -> 
  custom:container-demuxer-ogg: 62fdf1f143b41e24485cea50d1cbac27 -> 
  custom:video-decoder-webm-vp8: 9c59270c3fd7afecdb556c50c9e8de78 -> 
  custom:audio-decoder-ogg-vorbis: bf7c407c2cedff20999df2af8eb42d56 -> 
========================================================================
Received Prepare
Registering precompiled user dll's ...
Registered in 0.006842 seconds.
Begin MonoManager ReloadAssembly
Symbol file LoadedFromMemory doesn't match image C:\Users\90545\Desktop\HyperTrivial\HyperTrivial\Library\PackageCache\com.unity.visualscripting@1.8.0\Editor\VisualScripting.Core\Dependencies\YamlDotNet\Unity.VisualScripting.YamlDotNet.dll
Symbol file LoadedFromMemory doesn't match image C:\Users\90545\Desktop\HyperTrivial\HyperTrivial\Library\PackageCache\com.unity.visualscripting@1.8.0\Editor\VisualScripting.Core\Dependencies\DotNetZip\Unity.VisualScripting.IonicZip.dll
Native extension for WindowsStandalone target not found
Native extension for Android target not found
Refreshing native plugins compatible for Editor in 0.68 ms, found 3 plugins.
Preloading 0 native plugins for Editor in 0.00 ms.
Mono: successfully reloaded assembly
- Completed reload, in  1.009 seconds
Domain Reload Profiling:
	ReloadAssembly (1010ms)
		BeginReloadAssembly (136ms)
			ExecutionOrderSort (0ms)
			DisableScriptedObjects (5ms)
			BackupInstance (0ms)
			ReleaseScriptingObjects (0ms)
			CreateAndSetChildDomain (29ms)
		EndReloadAssembly (772ms)
			LoadAssemblies (96ms)
			RebuildTransferFunctionScriptingTraits (0ms)
			SetupTypeCache (281ms)
			ReleaseScriptCaches (1ms)
			RebuildScriptCaches (43ms)
			SetupLoadedEditorAssemblies (315ms)
				LogAssemblyErrors (0ms)
				InitializePlatformSupportModulesInManaged (21ms)
				SetLoadedEditorAssemblies (0ms)
				RefreshPlugins (1ms)
				BeforeProcessingInitializeOnLoad (72ms)
				ProcessInitializeOnLoadAttributes (191ms)
				ProcessInitializeOnLoadMethodAttributes (21ms)
				AfterProcessingInitializeOnLoad (9ms)
				EditorAssembliesLoaded (0ms)
			ExecutionOrderSort2 (0ms)
			AwakeInstancesAfterBackupRestoration (6ms)
Platform modules already initialized, skipping
Refreshing native plugins compatible for Editor in 1.73 ms, found 3 plugins.
Preloading 0 native plugins for Editor in 0.00 ms.
Unloading 3144 Unused Serialized files (Serialized files now loaded: 0)
Unloading 19 unused Assets / (81.5 KB). Loaded Objects now: 3698.
Memory consumption went from 128.6 MB to 128.5 MB.
Total: 2.676300 ms (FindLiveObjects: 0.272600 ms CreateObjectMapping: 0.185700 ms MarkObjects: 2.125700 ms  DeleteObjects: 0.091400 ms)

AssetImportParameters requested are different than current active one (requested -> active):
  custom:video-decoder-ogg-theora: a1e56fd34408186e4bbccfd4996cb3dc -> 
  custom:container-muxer-webm: aa71ff27fc2769a1b78a27578f13a17b -> 
  custom:container-demuxer-webm: 4f35f7cbe854078d1ac9338744f61a02 -> 
  custom:video-encoder-webm-vp8: eb34c28f22e8b96e1ab97ce403110664 -> 
  custom:audio-encoder-webm-vorbis: bf7c407c2cedff20999df2af8eb42d56 -> 
  custom:framework-win-MediaFoundation: 216162199b28c13a410421893ffa2e32 -> 
  custom:container-demuxer-ogg: 62fdf1f143b41e24485cea50d1cbac27 -> 
  custom:video-decoder-webm-vp8: 9c59270c3fd7afecdb556c50c9e8de78 -> 
  custom:audio-decoder-ogg-vorbis: bf7c407c2cedff20999df2af8eb42d56 -> 
========================================================================
Received Prepare
Registering precompiled user dll's ...
Registered in 0.006780 seconds.
Begin MonoManager ReloadAssembly
Symbol file LoadedFromMemory doesn't match image C:\Users\90545\Desktop\HyperTrivial\HyperTrivial\Library\PackageCache\com.unity.visualscripting@1.8.0\Editor\VisualScripting.Core\Dependencies\YamlDotNet\Unity.VisualScripting.YamlDotNet.dll
Symbol file LoadedFromMemory doesn't match image C:\Users\90545\Desktop\HyperTrivial\HyperTrivial\Library\PackageCache\com.unity.visualscripting@1.8.0\Editor\VisualScripting.Core\Dependencies\DotNetZip\Unity.VisualScripting.IonicZip.dll
Native extension for WindowsStandalone target not found
Native extension for Android target not found
Refreshing native plugins compatible for Editor in 1.11 ms, found 3 plugins.
Preloading 0 native plugins for Editor in 0.00 ms.
Mono: successfully reloaded assembly
- Completed reload, in  0.955 seconds
Domain Reload Profiling:
	ReloadAssembly (956ms)
		BeginReloadAssembly (129ms)
			ExecutionOrderSort (0ms)
			DisableScriptedObjects (6ms)
			BackupInstance (0ms)
			ReleaseScriptingObjects (0ms)
			CreateAndSetChildDomain (28ms)
		EndReloadAssembly (737ms)
			LoadAssemblies (82ms)
			RebuildTransferFunctionScriptingTraits (0ms)
			SetupTypeCache (263ms)
			ReleaseScriptCaches (1ms)
			RebuildScriptCaches (45ms)
			SetupLoadedEditorAssemblies (304ms)
				LogAssemblyErrors (0ms)
				InitializePlatformSupportModulesInManaged (17ms)
				SetLoadedEditorAssemblies (1ms)
				RefreshPlugins (1ms)
				BeforeProcessingInitializeOnLoad (68ms)
				ProcessInitializeOnLoadAttributes (186ms)
				ProcessInitializeOnLoadMethodAttributes (20ms)
				AfterProcessingInitializeOnLoad (10ms)
				EditorAssembliesLoaded (0ms)
			ExecutionOrderSort2 (0ms)
			AwakeInstancesAfterBackupRestoration (7ms)
Platform modules already initialized, skipping
Refreshing native plugins compatible for Editor in 2.06 ms, found 3 plugins.
Preloading 0 native plugins for Editor in 0.00 ms.
Unloading 3144 Unused Serialized files (Serialized files now loaded: 0)
Unloading 19 unused Assets / (81.5 KB). Loaded Objects now: 3701.
Memory consumption went from 128.6 MB to 128.5 MB.
Total: 2.781400 ms (FindLiveObjects: 0.323800 ms CreateObjectMapping: 0.298700 ms MarkObjects: 2.064300 ms  DeleteObjects: 0.093800 ms)

AssetImportParameters requested are different than current active one (requested -> active):
  custom:video-decoder-ogg-theora: a1e56fd34408186e4bbccfd4996cb3dc -> 
  custom:container-muxer-webm: aa71ff27fc2769a1b78a27578f13a17b -> 
  custom:container-demuxer-webm: 4f35f7cbe854078d1ac9338744f61a02 -> 
  custom:video-encoder-webm-vp8: eb34c28f22e8b96e1ab97ce403110664 -> 
  custom:audio-encoder-webm-vorbis: bf7c407c2cedff20999df2af8eb42d56 -> 
  custom:framework-win-MediaFoundation: 216162199b28c13a410421893ffa2e32 -> 
  custom:container-demuxer-ogg: 62fdf1f143b41e24485cea50d1cbac27 -> 
  custom:video-decoder-webm-vp8: 9c59270c3fd7afecdb556c50c9e8de78 -> 
  custom:audio-decoder-ogg-vorbis: bf7c407c2cedff20999df2af8eb42d56 -> 
========================================================================
Received Import Request.
  Time since last request: 7239.890351 seconds.
  path: Assets/Resources
  artifactKey: Guid(b66c01e489ddab34fb6c76a22c45218a) Importer(815301076,1909f56bfc062723c751e8b465ee728b)
Start importing Assets/Resources using Guid(b66c01e489ddab34fb6c76a22c45218a) Importer(815301076,1909f56bfc062723c751e8b465ee728b)  -> (artifact id: '839d65c57016e93f874a8f31fd81e42c') in 0.015278 seconds 
========================================================================
Received Import Request.
  Time since last request: 2.051807 seconds.
  path: Assets/Plugins
  artifactKey: Guid(4d54048fddf583c489771cb7336d6902) Importer(815301076,1909f56bfc062723c751e8b465ee728b)
Start importing Assets/Plugins using Guid(4d54048fddf583c489771cb7336d6902) Importer(815301076,1909f56bfc062723c751e8b465ee728b)  -> (artifact id: 'a046919d34c493d03d30fcbb2d398962') in 0.010039 seconds 
